#
# There is insufficient memory for the Java Runtime Environment to continue.
# Native memory allocation (mmap) failed to map 536870912 bytes for G1 virtual space
# Possible reasons:
#   The system is out of physical RAM or swap space
#   The process is running with CompressedOops enabled, and the Java Heap may be blocking the growth of the native heap
# Possible solutions:
#   Reduce memory load on the system
#   Increase physical memory or swap space
#   Check if swap backing store is full
#   Decrease Java heap size (-Xmx/-Xms)
#   Decrease number of Java threads
#   Decrease Java thread stack sizes (-Xss)
#   Set larger code cache with -XX:ReservedCodeCacheSize=
#   JVM is running with Zero Based Compressed Oops mode in which the Java heap is
#     placed in the first 32GB address space. The Java Heap base address is the
#     maximum limit for the native heap growth. Please use -XX:HeapBaseMinAddress
#     to set the Java Heap base and to place the Java Heap above 32GB virtual address.
# This output file may be truncated or incomplete.
#
#  Out of Memory Error (os_windows.cpp:3530), pid=17728, tid=8308
#
# JRE version:  (18.0.2.1+1) (build )
# Java VM: Java HotSpot(TM) 64-Bit Server VM (18.0.2.1+1-1, mixed mode, sharing, tiered, compressed oops, compressed class ptrs, g1 gc, windows-amd64)
# No core dump will be written. Minidumps are not enabled by default on client versions of Windows
#

---------------  S U M M A R Y ------------

Command Line: -Dfile.encoding=UTF-8 -XX:+ShowCodeDetailsInExceptionMessages com.medicine.main.MedicineMain

Host: Intel(R) Core(TM) i7-8850H CPU @ 2.60GHz, 12 cores, 31G,  Windows 10 , 64 bit Build 19041 (10.0.19041.1889)
Time: Tue Sep 27 10:13:43 2022 India Standard Time elapsed time: 0.012460 seconds (0d 0h 0m 0s)

---------------  T H R E A D  ---------------

Current thread (0x000001e59d63d260):  JavaThread "Unknown thread" [_thread_in_vm, id=8308, stack(0x0000008b75800000,0x0000008b75900000)]

Stack: [0x0000008b75800000,0x0000008b75900000]
Native frames: (J=compiled Java code, j=interpreted, Vv=VM code, C=native code)
V  [jvm.dll+0x6993aa]
V  [jvm.dll+0x7f46dd]
V  [jvm.dll+0x7f5fee]
V  [jvm.dll+0x7f66a3]
V  [jvm.dll+0x25cf1f]
V  [jvm.dll+0x6962f9]
V  [jvm.dll+0x68ae2a]
V  [jvm.dll+0x32255b]
V  [jvm.dll+0x329f36]
V  [jvm.dll+0x37eade]
V  [jvm.dll+0x37ed0f]
V  [jvm.dll+0x2fa2da]
V  [jvm.dll+0x2fb33d]
V  [jvm.dll+0x7c3310]
V  [jvm.dll+0x38be61]
V  [jvm.dll+0x7a2023]
V  [jvm.dll+0x40dc3f]
V  [jvm.dll+0x40f611]
C  [jli.dll+0x526b]
C  [ucrtbase.dll+0x21bb2]
C  [KERNEL32.DLL+0x17034]
C  [ntdll.dll+0x526a1]


---------------  P R O C E S S  ---------------

Threads class SMR info:
_java_thread_list=0x00007ffff0dfe550, length=0, elements={
}

Java Threads: ( => current thread )

Other Threads:
  0x000001e59d6eed80 WorkerThread "GC Thread#0" [stack: 0x0000008b75900000,0x0000008b75a00000] [id=28676]
  0x000001e59d7012f0 ConcurrentGCThread "G1 Main Marker" [stack: 0x0000008b75a00000,0x0000008b75b00000] [id=15888]
  0x000001e59d701ce0 WorkerThread "G1 Conc#0" [stack: 0x0000008b75b00000,0x0000008b75c00000] [id=8716]

[error occurred during error reporting (printing all threads), id 0xc0000005, EXCEPTION_ACCESS_VIOLATION (0xc0000005) at pc=0x00007ffff062a877]

VM state: not at safepoint (not fully initialized)

VM Mutex/Monitor currently owned by a thread:  ([mutex/lock_event])
[0x000001e59d639380] Heap_lock - owner thread: 0x000001e59d63d260

Heap address: 0x0000000602c00000, size: 8148 MB, Compressed Oops mode: Zero based, Oop shift amount: 3

CDS archive(s) mapped at: [0x0000000000000000-0x0000000000000000-0x0000000000000000), size 0, SharedBaseAddress: 0x0000000800000000, ArchiveRelocationMode: 0.
Narrow klass base: 0x0000000000000000, Narrow klass shift: 0, Narrow klass range: 0x0

GC Precious Log:
 CardTable entry size: 512
 Card Set container configuration: InlinePtr #cards 4 size 8 Array Of Cards #cards 32 size 80 Howl #buckets 8 coarsen threshold 7372 Howl Bitmap #cards 1024 size 144 coarsen threshold 921 Card regions per heap region 1 cards per card region 8192

Heap:
 garbage-first heap   total 0K, used 0K [0x0000000602c00000, 0x0000000800000000)
  region size 4096K, 0 young (0K), 0 survivors (0K)

[error occurred during error reporting (printing heap information), id 0xc0000005, EXCEPTION_ACCESS_VIOLATION (0xc0000005) at pc=0x00007ffff0a11839]

GC Heap History (0 events):
No events

Deoptimization events (0 events):
No events

Classes loaded (0 events):
No events

Classes unloaded (0 events):
No events

Classes redefined (0 events):
No events

Internal exceptions (0 events):
No events

VM Operations (0 events):
No events

Events (1 events):
Event: 0.007 Loaded shared library C:\Program Files\Java\jdk-18.0.2.1\bin\java.dll


Dynamic libraries:
0x00007ff666f70000 - 0x00007ff666f80000 	C:\Program Files\Java\jdk-18.0.2.1\bin\javaw.exe
0x00007ff8479b0000 - 0x00007ff847ba8000 	C:\WINDOWS\SYSTEM32\ntdll.dll
0x00007ff8478b0000 - 0x00007ff84796d000 	C:\WINDOWS\System32\KERNEL32.DLL
0x00007ff845740000 - 0x00007ff845a0e000 	C:\WINDOWS\System32\KERNELBASE.dll
0x00007ff845180000 - 0x00007ff845280000 	C:\WINDOWS\System32\ucrtbase.dll
0x00007ff840360000 - 0x00007ff84037a000 	C:\Program Files\Java\jdk-18.0.2.1\bin\VCRUNTIME140.dll
0x00007ff83ee50000 - 0x00007ff83ee68000 	C:\Program Files\Java\jdk-18.0.2.1\bin\jli.dll
0x00007ff846730000 - 0x00007ff8467de000 	C:\WINDOWS\System32\ADVAPI32.dll
0x00007ff847680000 - 0x00007ff84771e000 	C:\WINDOWS\System32\msvcrt.dll
0x00007ff846960000 - 0x00007ff8469fc000 	C:\WINDOWS\System32\sechost.dll
0x00007ff846bb0000 - 0x00007ff846cd5000 	C:\WINDOWS\System32\RPCRT4.dll
0x00007ff847300000 - 0x00007ff8474a0000 	C:\WINDOWS\System32\USER32.dll
0x00007ff845710000 - 0x00007ff845732000 	C:\WINDOWS\System32\win32u.dll
0x00007ff831560000 - 0x00007ff8317fa000 	C:\WINDOWS\WinSxS\amd64_microsoft.windows.common-controls_6595b64144ccf1df_6.0.19041.1110_none_60b5254171f9507e\COMCTL32.dll
0x00007ff846900000 - 0x00007ff84692a000 	C:\WINDOWS\System32\GDI32.dll
0x00007ff8455b0000 - 0x00007ff8456bb000 	C:\WINDOWS\System32\gdi32full.dll
0x00007ff845510000 - 0x00007ff8455ad000 	C:\WINDOWS\System32\msvcp_win.dll
0x00007ff83cc20000 - 0x00007ff83cc2a000 	C:\WINDOWS\SYSTEM32\VERSION.dll
0x00007ff846930000 - 0x00007ff846960000 	C:\WINDOWS\System32\IMM32.DLL
0x00007ff840390000 - 0x00007ff84039c000 	C:\Program Files\Java\jdk-18.0.2.1\bin\vcruntime140_1.dll
0x00007ff81a9f0000 - 0x00007ff81aa7d000 	C:\Program Files\Java\jdk-18.0.2.1\bin\msvcp140.dll
0x00007ffff0320000 - 0x00007ffff0f31000 	C:\Program Files\Java\jdk-18.0.2.1\bin\server\jvm.dll
0x00007ff847670000 - 0x00007ff847678000 	C:\WINDOWS\System32\PSAPI.DLL
0x00007fffd14f0000 - 0x00007fffd14f9000 	C:\WINDOWS\SYSTEM32\WSOCK32.dll
0x00007ff82f6f0000 - 0x00007ff82f717000 	C:\WINDOWS\SYSTEM32\WINMM.dll
0x00007ff846b40000 - 0x00007ff846bab000 	C:\WINDOWS\System32\WS2_32.dll
0x00007ff843840000 - 0x00007ff843852000 	C:\WINDOWS\SYSTEM32\kernel.appcore.dll
0x00007ff840310000 - 0x00007ff84031a000 	C:\Program Files\Java\jdk-18.0.2.1\bin\jimage.dll
0x00007ff842dc0000 - 0x00007ff842fa4000 	C:\WINDOWS\SYSTEM32\DBGHELP.DLL
0x00007ff82e220000 - 0x00007ff82e24c000 	C:\WINDOWS\SYSTEM32\dbgcore.DLL
0x00007ff845480000 - 0x00007ff845502000 	C:\WINDOWS\System32\bcryptPrimitives.dll
0x00007ff83ee20000 - 0x00007ff83ee45000 	C:\Program Files\Java\jdk-18.0.2.1\bin\java.dll

dbghelp: loaded successfully - version: 4.0.5 - missing functions: none
symbol engine: initialized successfully - sym options: 0x614 - pdb path: .;C:\Program Files\Java\jdk-18.0.2.1\bin;C:\WINDOWS\SYSTEM32;C:\WINDOWS\WinSxS\amd64_microsoft.windows.common-controls_6595b64144ccf1df_6.0.19041.1110_none_60b5254171f9507e;C:\Program Files\Java\jdk-18.0.2.1\bin\server

VM Arguments:
jvm_args: -Dfile.encoding=UTF-8 -XX:+ShowCodeDetailsInExceptionMessages 
java_command: com.medicine.main.MedicineMain
java_class_path (initial): C:\Users\MathanRajS\training\junitdemos\ApolloMedicineApp\target\classes;C:\Users\MathanRajS\.m2\repository\mysql\mysql-connector-java\8.0.28\mysql-connector-java-8.0.28.jar;C:\Users\MathanRajS\.m2\repository\com\google\protobuf\protobuf-java\3.11.4\protobuf-java-3.11.4.jar
Launcher Type: SUN_STANDARD

[Global flags]
     intx CICompilerCount                          = 4                                         {product} {ergonomic}
     uint ConcGCThreads                            = 3                                         {product} {ergonomic}
     uint G1ConcRefinementThreads                  = 10                                        {product} {ergonomic}
   size_t G1HeapRegionSize                         = 4194304                                   {product} {ergonomic}
    uintx GCDrainStackTargetSize                   = 64                                        {product} {ergonomic}
   size_t InitialHeapSize                          = 536870912                                 {product} {ergonomic}
   size_t MarkStackSize                            = 4194304                                   {product} {ergonomic}
   size_t MaxHeapSize                              = 8543797248                                {product} {ergonomic}
   size_t MinHeapDeltaBytes                        = 4194304                                   {product} {ergonomic}
   size_t MinHeapSize                              = 8388608                                   {product} {ergonomic}
    uintx NonNMethodCodeHeapSize                   = 5839372                                {pd product} {ergonomic}
    uintx NonProfiledCodeHeapSize                  = 122909434                              {pd product} {ergonomic}
    uintx ProfiledCodeHeapSize                     = 122909434                              {pd product} {ergonomic}
    uintx ReservedCodeCacheSize                    = 251658240                              {pd product} {ergonomic}
     bool SegmentedCodeCache                       = true                                      {product} {ergonomic}
     bool ShowCodeDetailsInExceptionMessages       = true                                   {manageable} {command line}
   size_t SoftMaxHeapSize                          = 8543797248                             {manageable} {ergonomic}
     bool UseCompressedClassPointers               = true                           {product lp64_product} {ergonomic}
     bool UseCompressedOops                        = true                           {product lp64_product} {ergonomic}
     bool UseG1GC                                  = true                                      {product} {ergonomic}
     bool UseLargePagesIndividualAllocation        = false                                  {pd product} {ergonomic}

Logging:
Log output configuration:
 #0: stdout all=warning uptime,level,tags foldmultilines=false
 #1: stderr all=off uptime,level,tags foldmultilines=false

Environment Variables:
JAVA_HOME=C:\Program Files\Java\jdk-11.0.15.1
PATH=C:\Program Files\Common Files\Oracle\Java\javapath;C:\WINDOWS\system32;C:\WINDOWS;C:\WINDOWS\System32\Wbem;C:\WINDOWS\System32\WindowsPowerShell\v1.0\;C:\WINDOWS\System32\OpenSSH\;C:\Program Files\dotnet\;C:\Program Files\Git\cmd;C:\Users\MathanRajS\Downloads\mysql-connector-java-8.0.29\mysql-connector-java-8.0.29.jar;C:\Program Files\Git\bin;C:\Program Files\Java\jdk-11.0.15.1\bin;C:\Users\MathanRajS\Downloads\apache-maven-3.1.1\bin;C:\Program Files\Java\jdk-18.0.2.1;C:\Program Files\Java\jdk-18.0.2.1\bin;
USERNAME=MathanRajS
OS=Windows_NT
PROCESSOR_IDENTIFIER=Intel64 Family 6 Model 158 Stepping 10, GenuineIntel



---------------  S Y S T E M  ---------------

OS:
 Windows 10 , 64 bit Build 19041 (10.0.19041.1889)
OS uptime: 12 days 12:39 hours

CPU: total 12 (initial active 12) (6 cores per cpu, 2 threads per core) family 6 model 158 stepping 10 microcode 0xf0, cx8, cmov, fxsr, ht, mmx, 3dnowpref, sse, sse2, sse3, ssse3, sse4.1, sse4.2, popcnt, lzcnt, tsc, tscinvbit, avx, avx2, aes, erms, clmul, bmi1, bmi2, rtm, adx, fma, vzeroupper, clflush, clflushopt

Memory: 4k page, system-wide physical 32583M (19450M free)
TotalPageFile size 57904M (AvailPageFile size 320M)
current process WorkingSet (physical memory assigned to process): 11M, peak: 11M
current process commit charge ("private bytes"): 64M, peak: 576M

vm_info: Java HotSpot(TM) 64-Bit Server VM (18.0.2.1+1-1) for windows-amd64 JRE (18.0.2.1+1-1), built on Aug 16 2022 01:46:33 by "mach5one" with MS VC++ 16.8 / 16.9 (VS2019)

END.
